<?xml version="1.0" encoding="UTF-8"?>
<testng-results skipped="0" failed="0" ignored="0" total="1" passed="1">
  <reporter-output>
  </reporter-output>
  <suite name="Default suite" duration-ms="38668" started-at="2019-04-10T17:15:31Z" finished-at="2019-04-10T17:16:09Z">
    <groups>
    </groups>
    <test name="Default test" duration-ms="38668" started-at="2019-04-10T17:15:31Z" finished-at="2019-04-10T17:16:09Z">
      <class name="com.amazon.test.AmazonTests">
        <test-method status="PASS" signature="invokeBrowser()[pri:0, instance:com.amazon.test.AmazonTests@2b98378d]" name="invokeBrowser" is-config="true" duration-ms="25897" started-at="2019-04-10T17:15:31Z" finished-at="2019-04-10T17:15:57Z">
          <reporter-output>
          </reporter-output>
        </test-method> <!-- invokeBrowser -->
        <test-method status="PASS" signature="searchAProduct()[pri:0, instance:com.amazon.test.AmazonTests@2b98378d]" name="searchAProduct" duration-ms="12497" started-at="2019-04-10T17:15:57Z" finished-at="2019-04-10T17:16:09Z">
          <reporter-output>
          </reporter-output>
        </test-method> <!-- searchAProduct -->
      </class> <!-- com.amazon.test.AmazonTests -->
    </test> <!-- Default test -->
  </suite> <!-- Default suite -->
</testng-results>
