<?xml version="1.0" encoding="UTF-8"?>
<!-- Generated by org.testng.reporters.JUnitXMLReporter -->
<testsuite hostname="DESKTOP-R0QK2O8" ignored="0" name="Default test" tests="3" failures="0" timestamp="11 Apr 2019 17:47:00 GMT" time="30.135" errors="0">
  <testcase name="searchAProduct" time="7.342" classname="com.amazon.test.AmazonTests"/>
  <testcase name="verifyNthProduct" time="0.42" classname="com.amazon.test.AmazonTests"/>
  <testcase name="verifyAllProducts" time="9.025" classname="com.amazon.test.AmazonTests"/>
</testsuite> <!-- Default test -->
