<?xml version="1.0" encoding="UTF-8"?>
<!-- Generated by org.testng.reporters.JUnitXMLReporter -->
<testsuite hostname="DESKTOP-R0QK2O8" ignored="0" name="Default test" tests="5" failures="0" timestamp="15 Apr 2019 17:02:42 GMT" time="4.806" errors="0">
  <testcase name="printTestData" time="0.075" classname="demo.DemoTestData"/>
  <testcase name="printTestData" time="0.038" classname="demo.DemoTestData"/>
  <testcase name="printTestData" time="0.026" classname="demo.DemoTestData"/>
  <testcase name="printTestData" time="0.022" classname="demo.DemoTestData"/>
  <testcase name="printTestData" time="0.016" classname="demo.DemoTestData"/>
</testsuite> <!-- Default test -->
